<?xml version="1.0" encoding="UTF-8"?>
<!-- Generated by org.testng.reporters.JUnitReportReporter -->
<testsuite hostname="LAPTOP-BHKF9L3F" failures="0" tests="1" name="pageObjectMainCalss.SampleMain" time="16.206" errors="0" timestamp="2024-03-09T21:18:30 IST" skipped="0">
  <testcase classname="pageObjectMainCalss.SampleMain" name="main_method" time="16.206"/>
</testsuite> <!-- pageObjectMainCalss.SampleMain -->
